-------------------------------------------------------------------------------
Test set: integration.IFixitAppTest
-------------------------------------------------------------------------------
Tests run: 1, Failures: 1, Errors: 0, Skipped: 0, Time elapsed: 6.436 s <<< FAILURE! - in integration.IFixitAppTest
Verify items on Acura Support Community(Test iFixit application on ios device)  Time elapsed: 4.798 s  <<< FAILURE!
net.thucydides.core.pages.WrongPageError: 
The page object class integration.pages.IFixitPage looks dodgy:
Failed to instantiate page (net.thucydides.core.webdriver.UnsupportedDriverException: Could not instantiate class io.appium.java_client.AppiumDriver)

