-------------------------------------------------------------------------------
Test set: integration.WordPressAppTest
-------------------------------------------------------------------------------
Tests run: 1, Failures: 1, Errors: 0, Skipped: 0, Time elapsed: 1.61 s <<< FAILURE! - in integration.WordPressAppTest
User is not allowed to login with invalid credentials(Login page scenarios)  Time elapsed: 1.247 s  <<< FAILURE!
net.thucydides.core.pages.WrongPageError: 
The page object class integration.pages.WordPressLoginPage looks dodgy:
Failed to instantiate page (net.thucydides.core.webdriver.UnsupportedDriverException: Could not instantiate class io.appium.java_client.AppiumDriver)

